e:\vs2015\tcpserver\tcpserver\x64\debug\vc140.pdb
e:\vs2015\tcpserver\tcpserver\x64\debug\qrc_tcpserver.obj
e:\vs2015\tcpserver\tcpserver\x64\debug\tcpserver.obj
e:\vs2015\tcpserver\tcpserver\x64\debug\main.obj
e:\vs2015\tcpserver\tcpserver\x64\debug\moc_tcpserver.obj
e:\vs2015\tcpserver\tcpserver\generatedfiles\qrc_tcpserver.cpp
e:\vs2015\tcpserver\tcpserver\generatedfiles\ui_tcpserver.h
e:\vs2015\tcpserver\tcpserver\generatedfiles\debug\moc_tcpserver.cpp
e:\vs2015\tcpserver\x64\debug\tcpserver.ilk
e:\vs2015\tcpserver\x64\debug\tcpserver.exe
e:\vs2015\tcpserver\x64\debug\tcpserver.pdb
e:\vs2015\tcpserver\tcpserver\x64\debug\tcpserver.tlog\cl.command.1.tlog
e:\vs2015\tcpserver\tcpserver\x64\debug\tcpserver.tlog\cl.read.1.tlog
e:\vs2015\tcpserver\tcpserver\x64\debug\tcpserver.tlog\cl.write.1.tlog
e:\vs2015\tcpserver\tcpserver\x64\debug\tcpserver.tlog\custombuild.command.1.tlog
e:\vs2015\tcpserver\tcpserver\x64\debug\tcpserver.tlog\custombuild.read.1.tlog
e:\vs2015\tcpserver\tcpserver\x64\debug\tcpserver.tlog\custombuild.write.1.tlog
e:\vs2015\tcpserver\tcpserver\x64\debug\tcpserver.tlog\link.command.1.tlog
e:\vs2015\tcpserver\tcpserver\x64\debug\tcpserver.tlog\link.read.1.tlog
e:\vs2015\tcpserver\tcpserver\x64\debug\tcpserver.tlog\link.write.1.tlog
